In file included from [01m[K/home/santiregui/ros2_ws/src/etasl_ros2/src/featurevariableinitializer.cpp:1[m[K:
[01m[K/home/santiregui/ros2_ws/src/etasl_ros2/src/featurevariableinitializer.hpp:4:10:[m[K [01;31m[Kfatal error: [m[KEigen/Dense: No such file or directory
    4 | #include [01;31m[K<Eigen/Dense>[m[K
      |          [01;31m[K^~~~~~~~~~~~~[m[K
compilation terminated.
gmake[2]: *** [CMakeFiles/etasl_node.dir/build.make:90: CMakeFiles/etasl_node.dir/src/featurevariableinitializer.cpp.o] Error 1
gmake[2]: *** Waiting for unfinished jobs....
gmake[1]: *** [CMakeFiles/Makefile2:137: CMakeFiles/etasl_node.dir/all] Error 2
gmake: *** [Makefile:146: all] Error 2
