[0.000000] (-) TimerEvent: {}
[0.000193] (etasl_ros2) JobQueued: {'identifier': 'etasl_ros2', 'dependencies': OrderedDict()}
[0.000238] (etasl_ros2) JobStarted: {'identifier': 'etasl_ros2'}
[0.029751] (etasl_ros2) JobProgress: {'identifier': 'etasl_ros2', 'progress': 'cmake'}
[0.030515] (etasl_ros2) JobProgress: {'identifier': 'etasl_ros2', 'progress': 'build'}
[0.030575] (etasl_ros2) Command: {'cmd': ['/usr/bin/cmake', '--build', '/home/santiregui/ros2_ws/src/etasl_ros2/build/etasl_ros2', '--', '-j16', '-l16'], 'cwd': '/home/santiregui/ros2_ws/src/etasl_ros2/build/etasl_ros2', 'env': OrderedDict([('GJS_DEBUG_TOPICS', 'JS ERROR;JS LOG'), ('LESSOPEN', '| /usr/bin/lesspipe %s'), ('USER', 'santiregui'), ('XDG_SESSION_TYPE', 'x11'), ('SHLVL', '2'), ('LD_LIBRARY_PATH', '/opt/ros/humble/opt/rviz_ogre_vendor/lib:/opt/ros/humble/lib/x86_64-linux-gnu:/opt/ros/humble/lib'), ('LUA_PATH', ';;/home/santiregui/etasl-cmake/standalone-cmake/install/lib/etasl1.4/?.lua;/home/santiregui/etasl-cmake/standalone-cmake/install/lib/etasl1.4/xml2lua/?.lua;/home/santiregui/etasl-cmake/standalone-cmake/install/lib/etasl1.4/?.lua;/home/santiregui/etasl-cmake/standalone-cmake/install/lib/etasl1.4/xml2lua/?.lua'), ('HOME', '/home/santiregui'), ('OLDPWD', '/home/santiregui/ros2_ws/src'), ('DESKTOP_SESSION', 'pop'), ('GIO_LAUNCHED_DESKTOP_FILE', '/usr/share/applications/terminator.desktop'), ('ROS_PYTHON_VERSION', '3'), ('GNOME_SHELL_SESSION_MODE', 'pop'), ('GTK_MODULES', 'gail:atk-bridge'), ('ETASL_OLD_LUA_CPATH', ';;/home/santiregui/etasl-cmake/standalone-cmake/install/lib/?.so'), ('PS1', '\\[\\e]0;${PWD/#"/home/santiregui"/"~"}\\a\\]\\u@\\H:\\[\\e[32;1m\\]\\W$(__git_ps1 "\\[\\e[31;1m\\](%s)\\[\\e[0m\\]") \\$ \\[\\e[0m\\]'), ('MANAGERPID', '1523'), ('SYSTEMD_EXEC_PID', '1713'), ('DBUS_SESSION_BUS_ADDRESS', ''), ('COLORTERM', 'truecolor'), ('TERMINATOR_DBUS_NAME', 'net.tenshu.Terminator23558193cd9818af7fe4d2c2f5bd9d00f'), ('GIO_LAUNCHED_DESKTOP_FILE_PID', '7462'), ('_colcon_cd_root', '/opt/ros/humble/'), ('COLCON_PREFIX_PATH', '/home/santiregui/ros2_ws/src/etasl_ros2/install'), ('ROS_DISTRO', 'humble'), ('GTK_IM_MODULE', 'ibus'), ('LOGNAME', 'santiregui'), ('JOURNAL_STREAM', '8:12710'), ('_', '/usr/bin/colcon'), ('ROS_VERSION', '2'), ('XDG_SESSION_CLASS', 'user'), ('USERNAME', 'santiregui'), ('TERM', 'xterm-256color'), ('GNOME_DESKTOP_SESSION_ID', 'this-is-deprecated'), ('ROS_LOCALHOST_ONLY', '0'), ('WINDOWPATH', '2'), ('ETASL_OLD_LUA_PATH', ';;/home/santiregui/etasl-cmake/standalone-cmake/install/lib/etasl1.4/?.lua;/home/santiregui/etasl-cmake/standalone-cmake/install/lib/etasl1.4/xml2lua/?.lua'), ('PATH', '/opt/ros/humble/bin:/usr/local/sbin:/usr/local/bin:/usr/sbin:/usr/bin:/sbin:/bin:/usr/games:/usr/local/games:/snap/bin:/home/santiregui/etasl-cmake/standalone-cmake/install/bin'), ('SESSION_MANAGER', 'local/pop-os:@/tmp/.ICE-unix/1690,unix/pop-os:/tmp/.ICE-unix/1690'), ('INVOCATION_ID', 'a86ff2dbefce4dfe93f3f561efa16aa8'), ('XDG_MENU_PREFIX', 'gnome-'), ('XDG_RUNTIME_DIR', '/run/user/1000'), ('DISPLAY', ':1'), ('TERMINATOR_DBUS_PATH', '/net/tenshu/Terminator2'), ('LANG', 'en_US.UTF-8'), ('XDG_CURRENT_DESKTOP', 'pop:GNOME'), ('IBUS_DISABLE_SNOOPER', '1'), ('XMODIFIERS', '@im=ibus'), ('XDG_SESSION_DESKTOP', 'pop'), ('XAUTHORITY', '/run/user/1000/gdm/Xauthority'), ('LS_COLORS', 'rs=0:di=01;34:ln=01;36:mh=00:pi=40;33:so=01;35:do=01;35:bd=40;33;01:cd=40;33;01:or=40;31;01:mi=00:su=37;41:sg=30;43:ca=30;41:tw=30;42:ow=34;42:st=37;44:ex=01;32:*.tar=01;31:*.tgz=01;31:*.arc=01;31:*.arj=01;31:*.taz=01;31:*.lha=01;31:*.lz4=01;31:*.lzh=01;31:*.lzma=01;31:*.tlz=01;31:*.txz=01;31:*.tzo=01;31:*.t7z=01;31:*.zip=01;31:*.z=01;31:*.dz=01;31:*.gz=01;31:*.lrz=01;31:*.lz=01;31:*.lzo=01;31:*.xz=01;31:*.zst=01;31:*.tzst=01;31:*.bz2=01;31:*.bz=01;31:*.tbz=01;31:*.tbz2=01;31:*.tz=01;31:*.deb=01;31:*.rpm=01;31:*.jar=01;31:*.war=01;31:*.ear=01;31:*.sar=01;31:*.rar=01;31:*.alz=01;31:*.ace=01;31:*.zoo=01;31:*.cpio=01;31:*.7z=01;31:*.rz=01;31:*.cab=01;31:*.wim=01;31:*.swm=01;31:*.dwm=01;31:*.esd=01;31:*.jpg=01;35:*.jpeg=01;35:*.mjpg=01;35:*.mjpeg=01;35:*.gif=01;35:*.bmp=01;35:*.pbm=01;35:*.pgm=01;35:*.ppm=01;35:*.tga=01;35:*.xbm=01;35:*.xpm=01;35:*.tif=01;35:*.tiff=01;35:*.png=01;35:*.svg=01;35:*.svgz=01;35:*.mng=01;35:*.pcx=01;35:*.mov=01;35:*.mpg=01;35:*.mpeg=01;35:*.m2v=01;35:*.mkv=01;35:*.webm=01;35:*.webp=01;35:*.ogm=01;35:*.mp4=01;35:*.m4v=01;35:*.mp4v=01;35:*.vob=01;35:*.qt=01;35:*.nuv=01;35:*.wmv=01;35:*.asf=01;35:*.rm=01;35:*.rmvb=01;35:*.flc=01;35:*.avi=01;35:*.fli=01;35:*.flv=01;35:*.gl=01;35:*.dl=01;35:*.xcf=01;35:*.xwd=01;35:*.yuv=01;35:*.cgm=01;35:*.emf=01;35:*.ogv=01;35:*.ogx=01;35:*.aac=00;36:*.au=00;36:*.flac=00;36:*.m4a=00;36:*.mid=00;36:*.midi=00;36:*.mka=00;36:*.mp3=00;36:*.mpc=00;36:*.ogg=00;36:*.ra=00;36:*.wav=00;36:*.oga=00;36:*.opus=00;36:*.spx=00;36:*.xspf=00;36:'), ('SSH_AGENT_LAUNCHER', 'gnome-keyring'), ('SSH_AUTH_SOCK', '/run/user/1000/keyring/ssh'), ('AMENT_PREFIX_PATH', '/home/santiregui/ros2_ws/src/etasl_ros2/install/etasl_ros2:/opt/ros/humble'), ('SHELL', '/bin/bash'), ('TERMINATOR_UUID', 'urn:uuid:9ac14ff4-2ed9-49f0-a190-7bcbd3c97018'), ('QT_ACCESSIBILITY', '1'), ('GDMSESSION', 'pop'), ('LESSCLOSE', '/usr/bin/lesspipe %s %s'), ('GPG_AGENT_INFO', '/run/user/1000/gnupg/S.gpg-agent:0:1'), ('GJS_DEBUG_OUTPUT', 'stderr'), ('QT_IM_MODULE', 'ibus'), ('PWD', '/home/santiregui/ros2_ws/src/etasl_ros2/build/etasl_ros2'), ('LUA_CPATH', ';;/home/santiregui/etasl-cmake/standalone-cmake/install/lib/?.so;/home/santiregui/etasl-cmake/standalone-cmake/install/lib/?.so'), ('XDG_CONFIG_DIRS', '/etc/xdg/xdg-pop:/etc/xdg'), ('XDG_DATA_DIRS', '/usr/share/pop:/usr/share/gnome:/home/santiregui/.local/share/flatpak/exports/share:/var/lib/flatpak/exports/share:/usr/local/share/:/usr/share/'), ('PYTHONPATH', '/opt/ros/humble/lib/python3.10/site-packages:/opt/ros/humble/local/lib/python3.10/dist-packages'), ('COLCON', '1'), ('VTE_VERSION', '6800'), ('CMAKE_PREFIX_PATH', '/home/santiregui/ros2_ws/src/etasl_ros2/install/etasl_ros2:/opt/ros/humble')]), 'shell': False}
[0.080721] (etasl_ros2) StdoutLine: {'line': b'[ 33%] \x1b[32mBuilding CXX object CMakeFiles/etasl_node.dir/src/etasl_node.cpp.o\x1b[0m\n'}
[0.099474] (-) TimerEvent: {}
[0.199782] (-) TimerEvent: {}
[0.300114] (-) TimerEvent: {}
[0.400447] (-) TimerEvent: {}
[0.500759] (-) TimerEvent: {}
[0.601064] (-) TimerEvent: {}
[0.701361] (-) TimerEvent: {}
[0.801657] (-) TimerEvent: {}
[0.901944] (-) TimerEvent: {}
[1.002237] (-) TimerEvent: {}
[1.102525] (-) TimerEvent: {}
[1.202805] (-) TimerEvent: {}
[1.303134] (-) TimerEvent: {}
[1.403529] (-) TimerEvent: {}
[1.503816] (-) TimerEvent: {}
[1.504676] (etasl_ros2) StderrLine: {'line': b'\x1b[01m\x1b[K/home/santiregui/ros2_ws/src/etasl_ros2/src/etasl_node.cpp:49:23:\x1b[m\x1b[K \x1b[01;31m\x1b[Kerror: \x1b[m\x1b[K\xe2\x80\x98\x1b[01m\x1b[Ksensor_msgs\x1b[m\x1b[K\xe2\x80\x99 was not declared in this scope\n'}
[1.504837] (etasl_ros2) StderrLine: {'line': b'   49 |     rclcpp::Publisher<\x1b[01;31m\x1b[Ksensor_msgs\x1b[m\x1b[K::msg::JointState>::SharedPtr publisher_;\n'}
[1.504880] (etasl_ros2) StderrLine: {'line': b'      |                       \x1b[01;31m\x1b[K^~~~~~~~~~~\x1b[m\x1b[K\n'}
[1.504916] (etasl_ros2) StderrLine: {'line': b'\x1b[01m\x1b[K/home/santiregui/ros2_ws/src/etasl_ros2/src/etasl_node.cpp:49:51:\x1b[m\x1b[K \x1b[01;31m\x1b[Kerror: \x1b[m\x1b[Ktemplate argument 1 is invalid\n'}
[1.504952] (etasl_ros2) StderrLine: {'line': b'   49 |     rclcpp::Publisher<sensor_msgs::msg::JointState\x1b[01;31m\x1b[K>\x1b[m\x1b[K::SharedPtr publisher_;\n'}
[1.504986] (etasl_ros2) StderrLine: {'line': b'      |                                                   \x1b[01;31m\x1b[K^\x1b[m\x1b[K\n'}
[1.505019] (etasl_ros2) StderrLine: {'line': b'\x1b[01m\x1b[K/home/santiregui/ros2_ws/src/etasl_ros2/src/etasl_node.cpp:49:54:\x1b[m\x1b[K \x1b[01;31m\x1b[Kerror: \x1b[m\x1b[Kexpected \xe2\x80\x98\x1b[01m\x1b[K;\x1b[m\x1b[K\xe2\x80\x99 at end of member declaration\n'}
[1.505053] (etasl_ros2) StderrLine: {'line': b'   49 |     rclcpp::Publisher<sensor_msgs::msg::JointState>::\x1b[01;31m\x1b[KSharedPtr\x1b[m\x1b[K publisher_;\n'}
[1.505086] (etasl_ros2) StderrLine: {'line': b'      |                                                      \x1b[01;31m\x1b[K^~~~~~~~~\x1b[m\x1b[K\n'}
[1.505126] (etasl_ros2) StderrLine: {'line': b'      |                                                               \x1b[32m\x1b[K;\x1b[m\x1b[K\n'}
[1.505911] (etasl_ros2) StderrLine: {'line': b'\x1b[01m\x1b[K/home/santiregui/ros2_ws/src/etasl_ros2/src/etasl_node.cpp:49:64:\x1b[m\x1b[K \x1b[01;31m\x1b[Kerror: \x1b[m\x1b[K\xe2\x80\x98\x1b[01m\x1b[Kpublisher_\x1b[m\x1b[K\xe2\x80\x99 does not name a type; did you mean \xe2\x80\x98\x1b[01m\x1b[Krmw_publisher_t\x1b[m\x1b[K\xe2\x80\x99?\n'}
[1.506001] (etasl_ros2) StderrLine: {'line': b'   49 |     rclcpp::Publisher<sensor_msgs::msg::JointState>::SharedPtr \x1b[01;31m\x1b[Kpublisher_\x1b[m\x1b[K;\n'}
[1.506041] (etasl_ros2) StderrLine: {'line': b'      |                                                                \x1b[01;31m\x1b[K^~~~~~~~~~\x1b[m\x1b[K\n'}
[1.506075] (etasl_ros2) StderrLine: {'line': b'      |                                                                \x1b[32m\x1b[Krmw_publisher_t\x1b[m\x1b[K\n'}
[1.509928] (etasl_ros2) StderrLine: {'line': b'\x1b[01m\x1b[K/home/santiregui/ros2_ws/src/etasl_ros2/src/etasl_node.cpp:\x1b[m\x1b[K In constructor \xe2\x80\x98\x1b[01m\x1b[KMinimalPublisher::MinimalPublisher()\x1b[m\x1b[K\xe2\x80\x99:\n'}
[1.510024] (etasl_ros2) StderrLine: {'line': b'\x1b[01m\x1b[K/home/santiregui/ros2_ws/src/etasl_ros2/src/etasl_node.cpp:21:7:\x1b[m\x1b[K \x1b[01;31m\x1b[Kerror: \x1b[m\x1b[K\xe2\x80\x98\x1b[01m\x1b[Kpublisher_\x1b[m\x1b[K\xe2\x80\x99 was not declared in this scope; did you mean \xe2\x80\x98\x1b[01m\x1b[Krmw_publisher_t\x1b[m\x1b[K\xe2\x80\x99?\n'}
[1.510067] (etasl_ros2) StderrLine: {'line': b'   21 |       \x1b[01;31m\x1b[Kpublisher_\x1b[m\x1b[K = this->create_publisher<sensor_msgs::msg::JointState>("joint_states", 10);\n'}
[1.510104] (etasl_ros2) StderrLine: {'line': b'      |       \x1b[01;31m\x1b[K^~~~~~~~~~\x1b[m\x1b[K\n'}
[1.510140] (etasl_ros2) StderrLine: {'line': b'      |       \x1b[32m\x1b[Krmw_publisher_t\x1b[m\x1b[K\n'}
[1.513061] (etasl_ros2) StderrLine: {'line': b'\x1b[01m\x1b[K/home/santiregui/ros2_ws/src/etasl_ros2/src/etasl_node.cpp:21:43:\x1b[m\x1b[K \x1b[01;31m\x1b[Kerror: \x1b[m\x1b[K\xe2\x80\x98\x1b[01m\x1b[Ksensor_msgs\x1b[m\x1b[K\xe2\x80\x99 was not declared in this scope\n'}
[1.513178] (etasl_ros2) StderrLine: {'line': b'   21 |       publisher_ = this->create_publisher<\x1b[01;31m\x1b[Ksensor_msgs\x1b[m\x1b[K::msg::JointState>("joint_states", 10);\n'}
[1.513235] (etasl_ros2) StderrLine: {'line': b'      |                                           \x1b[01;31m\x1b[K^~~~~~~~~~~\x1b[m\x1b[K\n'}
[1.513279] (etasl_ros2) StderrLine: {'line': b'\x1b[01m\x1b[K/home/santiregui/ros2_ws/src/etasl_ros2/src/etasl_node.cpp:21:26:\x1b[m\x1b[K \x1b[01;31m\x1b[Kerror: \x1b[m\x1b[Kparse error in template argument list\n'}
[1.513320] (etasl_ros2) StderrLine: {'line': b'   21 |       publisher_ = this->\x1b[01;31m\x1b[Kcreate_publisher<sensor_msgs::msg::JointState>\x1b[m\x1b[K("joint_states", 10);\n'}
[1.513356] (etasl_ros2) StderrLine: {'line': b'      |                          \x1b[01;31m\x1b[K^~~~~~~~~~~~~~~~~~~~~~~~~~~~~~~~~~~~~~~~~~~~~~\x1b[m\x1b[K\n'}
[1.513392] (etasl_ros2) StderrLine: {'line': b'\x1b[01m\x1b[K/home/santiregui/ros2_ws/src/etasl_ros2/src/etasl_node.cpp:21:72:\x1b[m\x1b[K \x1b[01;31m\x1b[Kerror: \x1b[m\x1b[Kno matching function for call to \xe2\x80\x98\x1b[01m\x1b[KMinimalPublisher::create_publisher<<expression error> >(const char [13], int)\x1b[m\x1b[K\xe2\x80\x99\n'}
[1.513467] (etasl_ros2) StderrLine: {'line': b'   21 |       publisher_ = \x1b[01;31m\x1b[Kthis->create_publisher<sensor_msgs::msg::JointState>("joint_states", 10)\x1b[m\x1b[K;\n'}
[1.513501] (etasl_ros2) StderrLine: {'line': b'      |                    \x1b[01;31m\x1b[K~~~~~~~~~~~~~~~~~~~~~~~~~~~~~~~~~~~~~~~~~~~~~~~~~~~~^~~~~~~~~~~~~~~~~~~~\x1b[m\x1b[K\n'}
[1.513535] (etasl_ros2) StderrLine: {'line': b'In file included from \x1b[01m\x1b[K/opt/ros/humble/include/rclcpp/rclcpp/executors/single_threaded_executor.hpp:28\x1b[m\x1b[K,\n'}
[1.513570] (etasl_ros2) StderrLine: {'line': b'                 from \x1b[01m\x1b[K/opt/ros/humble/include/rclcpp/rclcpp/executors.hpp:22\x1b[m\x1b[K,\n'}
[1.513621] (etasl_ros2) StderrLine: {'line': b'                 from \x1b[01m\x1b[K/opt/ros/humble/include/rclcpp/rclcpp/rclcpp.hpp:155\x1b[m\x1b[K,\n'}
[1.513653] (etasl_ros2) StderrLine: {'line': b'                 from \x1b[01m\x1b[K/home/santiregui/ros2_ws/src/etasl_ros2/src/etasl_node.cpp:6\x1b[m\x1b[K:\n'}
[1.513685] (etasl_ros2) StderrLine: {'line': b'\x1b[01m\x1b[K/opt/ros/humble/include/rclcpp/rclcpp/node.hpp:195:3:\x1b[m\x1b[K \x1b[01;36m\x1b[Knote: \x1b[m\x1b[Kcandidate: \xe2\x80\x98\x1b[01m\x1b[Ktemplate<class MessageT, class AllocatorT, class PublisherT> std::shared_ptr<PublisherT> rclcpp::Node::create_publisher(const string&, const rclcpp::QoS&, const rclcpp::PublisherOptionsWithAllocator<AllocatorT>&)\x1b[m\x1b[K\xe2\x80\x99\n'}
[1.513726] (etasl_ros2) StderrLine: {'line': b'  195 |   \x1b[01;36m\x1b[Kcreate_publisher\x1b[m\x1b[K(\n'}
[1.513763] (etasl_ros2) StderrLine: {'line': b'      |   \x1b[01;36m\x1b[K^~~~~~~~~~~~~~~~\x1b[m\x1b[K\n'}
[1.513795] (etasl_ros2) StderrLine: {'line': b'\x1b[01m\x1b[K/opt/ros/humble/include/rclcpp/rclcpp/node.hpp:195:3:\x1b[m\x1b[K \x1b[01;36m\x1b[Knote: \x1b[m\x1b[K  template argument deduction/substitution failed:\n'}
[1.513828] (etasl_ros2) StderrLine: {'line': b'\x1b[01m\x1b[K/home/santiregui/ros2_ws/src/etasl_ros2/src/etasl_node.cpp:21:72:\x1b[m\x1b[K \x1b[01;31m\x1b[Kerror: \x1b[m\x1b[Ktemplate argument 1 is invalid\n'}
[1.513860] (etasl_ros2) StderrLine: {'line': b'   21 |       publisher_ = \x1b[01;31m\x1b[Kthis->create_publisher<sensor_msgs::msg::JointState>("joint_states", 10)\x1b[m\x1b[K;\n'}
[1.513891] (etasl_ros2) StderrLine: {'line': b'      |                    \x1b[01;31m\x1b[K~~~~~~~~~~~~~~~~~~~~~~~~~~~~~~~~~~~~~~~~~~~~~~~~~~~~^~~~~~~~~~~~~~~~~~~~\x1b[m\x1b[K\n'}
[1.513923] (etasl_ros2) StderrLine: {'line': b'\x1b[01m\x1b[K/home/santiregui/ros2_ws/src/etasl_ros2/src/etasl_node.cpp:23:58:\x1b[m\x1b[K \x1b[01;31m\x1b[Kerror: \x1b[m\x1b[K\xe2\x80\x98\x1b[01m\x1b[KMyRobotPublisher\x1b[m\x1b[K\xe2\x80\x99 has not been declared\n'}
[1.513955] (etasl_ros2) StderrLine: {'line': b'   23 |       timer_ = this->create_wall_timer(100ms, std::bind(&\x1b[01;31m\x1b[KMyRobotPublisher\x1b[m\x1b[K::publishJointState, this));\n'}
[1.513987] (etasl_ros2) StderrLine: {'line': b'      |                                                          \x1b[01;31m\x1b[K^~~~~~~~~~~~~~~~\x1b[m\x1b[K\n'}
[1.516603] (etasl_ros2) StderrLine: {'line': b'\x1b[01m\x1b[K/home/santiregui/ros2_ws/src/etasl_ros2/src/etasl_node.cpp:\x1b[m\x1b[K In member function \xe2\x80\x98\x1b[01m\x1b[Kvoid MinimalPublisher::publishJointState()\x1b[m\x1b[K\xe2\x80\x99:\n'}
[1.516680] (etasl_ros2) StderrLine: {'line': b'\x1b[01m\x1b[K/home/santiregui/ros2_ws/src/etasl_ros2/src/etasl_node.cpp:29:49:\x1b[m\x1b[K \x1b[01;31m\x1b[Kerror: \x1b[m\x1b[K\xe2\x80\x98\x1b[01m\x1b[Ksensor_msgs\x1b[m\x1b[K\xe2\x80\x99 was not declared in this scope\n'}
[1.516721] (etasl_ros2) StderrLine: {'line': b'   29 |         auto joint_state_msg = std::make_shared<\x1b[01;31m\x1b[Ksensor_msgs\x1b[m\x1b[K::msg::JointState>();\n'}
[1.516836] (etasl_ros2) StderrLine: {'line': b'      |                                                 \x1b[01;31m\x1b[K^~~~~~~~~~~\x1b[m\x1b[K\n'}
[1.516874] (etasl_ros2) StderrLine: {'line': b'\x1b[01m\x1b[K/home/santiregui/ros2_ws/src/etasl_ros2/src/etasl_node.cpp:29:37:\x1b[m\x1b[K \x1b[01;31m\x1b[Kerror: \x1b[m\x1b[Kparse error in template argument list\n'}
[1.516910] (etasl_ros2) StderrLine: {'line': b'   29 |         auto joint_state_msg = std::\x1b[01;31m\x1b[Kmake_shared<sensor_msgs::msg::JointState>\x1b[m\x1b[K();\n'}
[1.516946] (etasl_ros2) StderrLine: {'line': b'      |                                     \x1b[01;31m\x1b[K^~~~~~~~~~~~~~~~~~~~~~~~~~~~~~~~~~~~~~~~~\x1b[m\x1b[K\n'}
[1.516982] (etasl_ros2) StderrLine: {'line': b'\x1b[01m\x1b[K/home/santiregui/ros2_ws/src/etasl_ros2/src/etasl_node.cpp:29:78:\x1b[m\x1b[K \x1b[01;31m\x1b[Kerror: \x1b[m\x1b[Kno matching function for call to \xe2\x80\x98\x1b[01m\x1b[Kmake_shared<<expression error> >()\x1b[m\x1b[K\xe2\x80\x99\n'}
[1.517023] (etasl_ros2) StderrLine: {'line': b'   29 |         auto joint_state_msg = \x1b[01;31m\x1b[Kstd::make_shared<sensor_msgs::msg::JointState>()\x1b[m\x1b[K;\n'}
[1.517054] (etasl_ros2) StderrLine: {'line': b'      |                                \x1b[01;31m\x1b[K~~~~~~~~~~~~~~~~~~~~~~~~~~~~~~~~~~~~~~~~~~~~~~^~\x1b[m\x1b[K\n'}
[1.517086] (etasl_ros2) StderrLine: {'line': b'In file included from \x1b[01m\x1b[K/usr/include/c++/11/memory:77\x1b[m\x1b[K,\n'}
[1.517117] (etasl_ros2) StderrLine: {'line': b'                 from \x1b[01m\x1b[K/home/santiregui/ros2_ws/src/etasl_ros2/src/etasl_node.cpp:3\x1b[m\x1b[K:\n'}
[1.517149] (etasl_ros2) StderrLine: {'line': b'\x1b[01m\x1b[K/usr/include/c++/11/bits/shared_ptr.h:875:5:\x1b[m\x1b[K \x1b[01;36m\x1b[Knote: \x1b[m\x1b[Kcandidate: \xe2\x80\x98\x1b[01m\x1b[Ktemplate<class _Tp, class ... _Args> std::shared_ptr<_Tp> std::make_shared(_Args&& ...)\x1b[m\x1b[K\xe2\x80\x99\n'}
[1.517182] (etasl_ros2) StderrLine: {'line': b'  875 |     \x1b[01;36m\x1b[Kmake_shared\x1b[m\x1b[K(_Args&&... __args)\n'}
[1.517213] (etasl_ros2) StderrLine: {'line': b'      |     \x1b[01;36m\x1b[K^~~~~~~~~~~\x1b[m\x1b[K\n'}
[1.517245] (etasl_ros2) StderrLine: {'line': b'\x1b[01m\x1b[K/usr/include/c++/11/bits/shared_ptr.h:875:5:\x1b[m\x1b[K \x1b[01;36m\x1b[Knote: \x1b[m\x1b[K  template argument deduction/substitution failed:\n'}
[1.517277] (etasl_ros2) StderrLine: {'line': b'\x1b[01m\x1b[K/home/santiregui/ros2_ws/src/etasl_ros2/src/etasl_node.cpp:29:78:\x1b[m\x1b[K \x1b[01;31m\x1b[Kerror: \x1b[m\x1b[Ktemplate argument 1 is invalid\n'}
[1.517308] (etasl_ros2) StderrLine: {'line': b'   29 |         auto joint_state_msg = \x1b[01;31m\x1b[Kstd::make_shared<sensor_msgs::msg::JointState>()\x1b[m\x1b[K;\n'}
[1.517340] (etasl_ros2) StderrLine: {'line': b'      |                                \x1b[01;31m\x1b[K~~~~~~~~~~~~~~~~~~~~~~~~~~~~~~~~~~~~~~~~~~~~~~^~\x1b[m\x1b[K\n'}
[1.520216] (etasl_ros2) StderrLine: {'line': b'\x1b[01m\x1b[K/home/santiregui/ros2_ws/src/etasl_ros2/src/etasl_node.cpp:37:9:\x1b[m\x1b[K \x1b[01;31m\x1b[Kerror: \x1b[m\x1b[K\xe2\x80\x98\x1b[01m\x1b[Kpublisher_\x1b[m\x1b[K\xe2\x80\x99 was not declared in this scope; did you mean \xe2\x80\x98\x1b[01m\x1b[Krmw_publisher_t\x1b[m\x1b[K\xe2\x80\x99?\n'}
[1.520314] (etasl_ros2) StderrLine: {'line': b'   37 |         \x1b[01;31m\x1b[Kpublisher_\x1b[m\x1b[K->publish(joint_state_msg);\n'}
[1.520362] (etasl_ros2) StderrLine: {'line': b'      |         \x1b[01;31m\x1b[K^~~~~~~~~~\x1b[m\x1b[K\n'}
[1.520404] (etasl_ros2) StderrLine: {'line': b'      |         \x1b[32m\x1b[Krmw_publisher_t\x1b[m\x1b[K\n'}
[1.523863] (etasl_ros2) StderrLine: {'line': b'\x1b[01m\x1b[K/home/santiregui/ros2_ws/src/etasl_ros2/src/etasl_node.cpp:\x1b[m\x1b[K In member function \xe2\x80\x98\x1b[01m\x1b[Kvoid MinimalPublisher::timer_callback()\x1b[m\x1b[K\xe2\x80\x99:\n'}
[1.523947] (etasl_ros2) StderrLine: {'line': b'\x1b[01m\x1b[K/home/santiregui/ros2_ws/src/etasl_ros2/src/etasl_node.cpp:45:7:\x1b[m\x1b[K \x1b[01;31m\x1b[Kerror: \x1b[m\x1b[K\xe2\x80\x98\x1b[01m\x1b[Kpublisher_\x1b[m\x1b[K\xe2\x80\x99 was not declared in this scope; did you mean \xe2\x80\x98\x1b[01m\x1b[Krmw_publisher_t\x1b[m\x1b[K\xe2\x80\x99?\n'}
[1.523990] (etasl_ros2) StderrLine: {'line': b'   45 |       \x1b[01;31m\x1b[Kpublisher_\x1b[m\x1b[K->publish(message);\n'}
[1.524030] (etasl_ros2) StderrLine: {'line': b'      |       \x1b[01;31m\x1b[K^~~~~~~~~~\x1b[m\x1b[K\n'}
[1.524075] (etasl_ros2) StderrLine: {'line': b'      |       \x1b[32m\x1b[Krmw_publisher_t\x1b[m\x1b[K\n'}
[1.524284] (etasl_ros2) StderrLine: {'line': b'\x1b[01m\x1b[K/home/santiregui/ros2_ws/src/etasl_ros2/src/etasl_node.cpp:\x1b[m\x1b[K At global scope:\n'}
[1.524344] (etasl_ros2) StderrLine: {'line': b'\x1b[01m\x1b[K/home/santiregui/ros2_ws/src/etasl_ros2/src/etasl_node.cpp:53:1:\x1b[m\x1b[K \x1b[01;31m\x1b[Kerror: \x1b[m\x1b[K\xe2\x80\x98\x1b[01m\x1b[Kk\x1b[m\x1b[K\xe2\x80\x99 does not name a type\n'}
[1.524377] (etasl_ros2) StderrLine: {'line': b'   53 | \x1b[01;31m\x1b[Kk\x1b[m\x1b[K\n'}
[1.524414] (etasl_ros2) StderrLine: {'line': b'      | \x1b[01;31m\x1b[K^\x1b[m\x1b[K\n'}
[1.603915] (-) TimerEvent: {}
[1.704199] (-) TimerEvent: {}
[1.784108] (etasl_ros2) StderrLine: {'line': b'gmake[2]: *** [CMakeFiles/etasl_node.dir/build.make:76: CMakeFiles/etasl_node.dir/src/etasl_node.cpp.o] Error 1\n'}
[1.784617] (etasl_ros2) StderrLine: {'line': b'gmake[1]: *** [CMakeFiles/Makefile2:137: CMakeFiles/etasl_node.dir/all] Error 2\n'}
[1.784993] (etasl_ros2) StderrLine: {'line': b'gmake: *** [Makefile:146: all] Error 2\n'}
[1.788206] (etasl_ros2) CommandEnded: {'returncode': 2}
[1.804292] (-) TimerEvent: {}
[1.848800] (etasl_ros2) JobEnded: {'identifier': 'etasl_ros2', 'rc': 2}
[1.859566] (-) EventReactorShutdown: {}
