[01m[K/home/santiregui/ros2_ws/src/etasl_ros2/src/etasl_node.cpp:49:23:[m[K [01;31m[Kerror: [m[Kâ€˜[01m[Ksensor_msgs[m[Kâ€™ was not declared in this scope
   49 |     rclcpp::Publisher<[01;31m[Ksensor_msgs[m[K::msg::JointState>::SharedPtr publisher_;
      |                       [01;31m[K^~~~~~~~~~~[m[K
[01m[K/home/santiregui/ros2_ws/src/etasl_ros2/src/etasl_node.cpp:49:51:[m[K [01;31m[Kerror: [m[Ktemplate argument 1 is invalid
   49 |     rclcpp::Publisher<sensor_msgs::msg::JointState[01;31m[K>[m[K::SharedPtr publisher_;
      |                                                   [01;31m[K^[m[K
[01m[K/home/santiregui/ros2_ws/src/etasl_ros2/src/etasl_node.cpp:49:54:[m[K [01;31m[Kerror: [m[Kexpected â€˜[01m[K;[m[Kâ€™ at end of member declaration
   49 |     rclcpp::Publisher<sensor_msgs::msg::JointState>::[01;31m[KSharedPtr[m[K publisher_;
      |                                                      [01;31m[K^~~~~~~~~[m[K
      |                                                               [32m[K;[m[K
[01m[K/home/santiregui/ros2_ws/src/etasl_ros2/src/etasl_node.cpp:49:64:[m[K [01;31m[Kerror: [m[Kâ€˜[01m[Kpublisher_[m[Kâ€™ does not name a type; did you mean â€˜[01m[Krmw_publisher_t[m[Kâ€™?
   49 |     rclcpp::Publisher<sensor_msgs::msg::JointState>::SharedPtr [01;31m[Kpublisher_[m[K;
      |                                                                [01;31m[K^~~~~~~~~~[m[K
      |                                                                [32m[Krmw_publisher_t[m[K
[01m[K/home/santiregui/ros2_ws/src/etasl_ros2/src/etasl_node.cpp:[m[K In constructor â€˜[01m[KMinimalPublisher::MinimalPublisher()[m[Kâ€™:
[01m[K/home/santiregui/ros2_ws/src/etasl_ros2/src/etasl_node.cpp:21:7:[m[K [01;31m[Kerror: [m[Kâ€˜[01m[Kpublisher_[m[Kâ€™ was not declared in this scope; did you mean â€˜[01m[Krmw_publisher_t[m[Kâ€™?
   21 |       [01;31m[Kpublisher_[m[K = this->create_publisher<sensor_msgs::msg::JointState>("joint_states", 10);
      |       [01;31m[K^~~~~~~~~~[m[K
      |       [32m[Krmw_publisher_t[m[K
[01m[K/home/santiregui/ros2_ws/src/etasl_ros2/src/etasl_node.cpp:21:43:[m[K [01;31m[Kerror: [m[Kâ€˜[01m[Ksensor_msgs[m[Kâ€™ was not declared in this scope
   21 |       publisher_ = this->create_publisher<[01;31m[Ksensor_msgs[m[K::msg::JointState>("joint_states", 10);
      |                                           [01;31m[K^~~~~~~~~~~[m[K
[01m[K/home/santiregui/ros2_ws/src/etasl_ros2/src/etasl_node.cpp:21:26:[m[K [01;31m[Kerror: [m[Kparse error in template argument list
   21 |       publisher_ = this->[01;31m[Kcreate_publisher<sensor_msgs::msg::JointState>[m[K("joint_states", 10);
      |                          [01;31m[K^~~~~~~~~~~~~~~~~~~~~~~~~~~~~~~~~~~~~~~~~~~~~~[m[K
[01m[K/home/santiregui/ros2_ws/src/etasl_ros2/src/etasl_node.cpp:21:72:[m[K [01;31m[Kerror: [m[Kno matching function for call to â€˜[01m[KMinimalPublisher::create_publisher<<expression error> >(const char [13], int)[m[Kâ€™
   21 |       publisher_ = [01;31m[Kthis->create_publisher<sensor_msgs::msg::JointState>("joint_states", 10)[m[K;
      |                    [01;31m[K~~~~~~~~~~~~~~~~~~~~~~~~~~~~~~~~~~~~~~~~~~~~~~~~~~~~^~~~~~~~~~~~~~~~~~~~[m[K
In file included from [01m[K/opt/ros/humble/include/rclcpp/rclcpp/executors/single_threaded_executor.hpp:28[m[K,
                 from [01m[K/opt/ros/humble/include/rclcpp/rclcpp/executors.hpp:22[m[K,
                 from [01m[K/opt/ros/humble/include/rclcpp/rclcpp/rclcpp.hpp:155[m[K,
                 from [01m[K/home/santiregui/ros2_ws/src/etasl_ros2/src/etasl_node.cpp:6[m[K:
[01m[K/opt/ros/humble/include/rclcpp/rclcpp/node.hpp:195:3:[m[K [01;36m[Knote: [m[Kcandidate: â€˜[01m[Ktemplate<class MessageT, class AllocatorT, class PublisherT> std::shared_ptr<PublisherT> rclcpp::Node::create_publisher(const string&, const rclcpp::QoS&, const rclcpp::PublisherOptionsWithAllocator<AllocatorT>&)[m[Kâ€™
  195 |   [01;36m[Kcreate_publisher[m[K(
      |   [01;36m[K^~~~~~~~~~~~~~~~[m[K
[01m[K/opt/ros/humble/include/rclcpp/rclcpp/node.hpp:195:3:[m[K [01;36m[Knote: [m[K  template argument deduction/substitution failed:
[01m[K/home/santiregui/ros2_ws/src/etasl_ros2/src/etasl_node.cpp:21:72:[m[K [01;31m[Kerror: [m[Ktemplate argument 1 is invalid
   21 |       publisher_ = [01;31m[Kthis->create_publisher<sensor_msgs::msg::JointState>("joint_states", 10)[m[K;
      |                    [01;31m[K~~~~~~~~~~~~~~~~~~~~~~~~~~~~~~~~~~~~~~~~~~~~~~~~~~~~^~~~~~~~~~~~~~~~~~~~[m[K
[01m[K/home/santiregui/ros2_ws/src/etasl_ros2/src/etasl_node.cpp:23:58:[m[K [01;31m[Kerror: [m[Kâ€˜[01m[KMyRobotPublisher[m[Kâ€™ has not been declared
   23 |       timer_ = this->create_wall_timer(100ms, std::bind(&[01;31m[KMyRobotPublisher[m[K::publishJointState, this));
      |                                                          [01;31m[K^~~~~~~~~~~~~~~~[m[K
[01m[K/home/santiregui/ros2_ws/src/etasl_ros2/src/etasl_node.cpp:[m[K In member function â€˜[01m[Kvoid MinimalPublisher::publishJointState()[m[Kâ€™:
[01m[K/home/santiregui/ros2_ws/src/etasl_ros2/src/etasl_node.cpp:29:49:[m[K [01;31m[Kerror: [m[Kâ€˜[01m[Ksensor_msgs[m[Kâ€™ was not declared in this scope
   29 |         auto joint_state_msg = std::make_shared<[01;31m[Ksensor_msgs[m[K::msg::JointState>();
      |                                                 [01;31m[K^~~~~~~~~~~[m[K
[01m[K/home/santiregui/ros2_ws/src/etasl_ros2/src/etasl_node.cpp:29:37:[m[K [01;31m[Kerror: [m[Kparse error in template argument list
   29 |         auto joint_state_msg = std::[01;31m[Kmake_shared<sensor_msgs::msg::JointState>[m[K();
      |                                     [01;31m[K^~~~~~~~~~~~~~~~~~~~~~~~~~~~~~~~~~~~~~~~~[m[K
[01m[K/home/santiregui/ros2_ws/src/etasl_ros2/src/etasl_node.cpp:29:78:[m[K [01;31m[Kerror: [m[Kno matching function for call to â€˜[01m[Kmake_shared<<expression error> >()[m[Kâ€™
   29 |         auto joint_state_msg = [01;31m[Kstd::make_shared<sensor_msgs::msg::JointState>()[m[K;
      |                                [01;31m[K~~~~~~~~~~~~~~~~~~~~~~~~~~~~~~~~~~~~~~~~~~~~~~^~[m[K
In file included from [01m[K/usr/include/c++/11/memory:77[m[K,
                 from [01m[K/home/santiregui/ros2_ws/src/etasl_ros2/src/etasl_node.cpp:3[m[K:
[01m[K/usr/include/c++/11/bits/shared_ptr.h:875:5:[m[K [01;36m[Knote: [m[Kcandidate: â€˜[01m[Ktemplate<class _Tp, class ... _Args> std::shared_ptr<_Tp> std::make_shared(_Args&& ...)[m[Kâ€™
  875 |     [01;36m[Kmake_shared[m[K(_Args&&... __args)
      |     [01;36m[K^~~~~~~~~~~[m[K
[01m[K/usr/include/c++/11/bits/shared_ptr.h:875:5:[m[K [01;36m[Knote: [m[K  template argument deduction/substitution failed:
[01m[K/home/santiregui/ros2_ws/src/etasl_ros2/src/etasl_node.cpp:29:78:[m[K [01;31m[Kerror: [m[Ktemplate argument 1 is invalid
   29 |         auto joint_state_msg = [01;31m[Kstd::make_shared<sensor_msgs::msg::JointState>()[m[K;
      |                                [01;31m[K~~~~~~~~~~~~~~~~~~~~~~~~~~~~~~~~~~~~~~~~~~~~~~^~[m[K
[01m[K/home/santiregui/ros2_ws/src/etasl_ros2/src/etasl_node.cpp:37:9:[m[K [01;31m[Kerror: [m[Kâ€˜[01m[Kpublisher_[m[Kâ€™ was not declared in this scope; did you mean â€˜[01m[Krmw_publisher_t[m[Kâ€™?
   37 |         [01;31m[Kpublisher_[m[K->publish(joint_state_msg);
      |         [01;31m[K^~~~~~~~~~[m[K
      |         [32m[Krmw_publisher_t[m[K
[01m[K/home/santiregui/ros2_ws/src/etasl_ros2/src/etasl_node.cpp:[m[K In member function â€˜[01m[Kvoid MinimalPublisher::timer_callback()[m[Kâ€™:
[01m[K/home/santiregui/ros2_ws/src/etasl_ros2/src/etasl_node.cpp:45:7:[m[K [01;31m[Kerror: [m[Kâ€˜[01m[Kpublisher_[m[Kâ€™ was not declared in this scope; did you mean â€˜[01m[Krmw_publisher_t[m[Kâ€™?
   45 |       [01;31m[Kpublisher_[m[K->publish(message);
      |       [01;31m[K^~~~~~~~~~[m[K
      |       [32m[Krmw_publisher_t[m[K
[01m[K/home/santiregui/ros2_ws/src/etasl_ros2/src/etasl_node.cpp:[m[K At global scope:
[01m[K/home/santiregui/ros2_ws/src/etasl_ros2/src/etasl_node.cpp:53:1:[m[K [01;31m[Kerror: [m[Kâ€˜[01m[Kk[m[Kâ€™ does not name a type
   53 | [01;31m[Kk[m[K
      | [01;31m[K^[m[K
gmake[2]: *** [CMakeFiles/etasl_node.dir/build.make:76: CMakeFiles/etasl_node.dir/src/etasl_node.cpp.o] Error 1
gmake[1]: *** [CMakeFiles/Makefile2:137: CMakeFiles/etasl_node.dir/all] Error 2
gmake: *** [Makefile:146: all] Error 2
